<?xml version="1.0" encoding="UTF-8"?>
<!-- Generated by org.testng.reporters.JUnitXMLReporter -->
<testsuite ignored="2" hostname="DEEPIKAPATIL" failures="0" tests="3" name="Default test" time="2.583" errors="0" timestamp="2024-09-25T08:26:29 IST">
  <testcase classname="GETAPIs.GETAPIWithPathParm" name="GetProductAPI_WithExtract_JSONPATH_DataProvider" time="1.945"/>
  <testcase classname="GETAPIs.GETAPIWithPathParm" name="GetProductAPI_WithExtract_JSONPATH_DataProvider" time="0.306"/>
  <testcase classname="GETAPIs.GETAPIWithPathParm" name="GetProductAPI_WithExtract_JSONPATH_DataProvider" time="0.295"/>
  <testcase classname="GETAPIs.GETAPIWithPathParm" name="GetProductAPI_WithExtract_JSONPATH_BodyTest" time="0.0">
    <ignored/>
  </testcase> <!-- GetProductAPI_WithExtract_JSONPATH_BodyTest -->
  <testcase classname="GETAPIs.GETAPIWithPathParm" name="GetProductAPI_WithExtract_JSONPATH_BodyTest2" time="0.0">
    <ignored/>
  </testcase> <!-- GetProductAPI_WithExtract_JSONPATH_BodyTest2 -->
</testsuite> <!-- Default test -->
