<?xml version="1.0" encoding="UTF-8"?>
<testng-results ignored="0" total="3" passed="3" failed="0" skipped="0">
  <reporter-output>
  </reporter-output>
  <suite started-at="2024-09-25T08:26:26 IST" name="Default suite" finished-at="2024-09-25T08:26:29 IST" duration-ms="2583">
    <groups>
    </groups>
    <test started-at="2024-09-25T08:26:26 IST" name="Default test" finished-at="2024-09-25T08:26:29 IST" duration-ms="2583">
      <class name="GETAPIs.GETAPIWithPathParm">
        <test-method signature="GetProductAPI_WithExtract_JSONPATH_DataProvider(java.lang.String,int)[pri:0, instance:GETAPIs.GETAPIWithPathParm@3e27aa33]" started-at="2024-09-25T08:26:26 IST" name="GetProductAPI_WithExtract_JSONPATH_DataProvider" data-provider="GetCircuiteYearData" finished-at="2024-09-25T08:26:28 IST" duration-ms="1945" status="PASS">
          <params>
            <param index="0">
              <value>
                <![CDATA[2016]]>
              </value>
            </param>
            <param index="1">
              <value>
                <![CDATA[21]]>
              </value>
            </param>
          </params>
          <reporter-output>
          </reporter-output>
        </test-method> <!-- GetProductAPI_WithExtract_JSONPATH_DataProvider -->
        <test-method signature="GetProductAPI_WithExtract_JSONPATH_DataProvider(java.lang.String,int)[pri:0, instance:GETAPIs.GETAPIWithPathParm@3e27aa33]" started-at="2024-09-25T08:26:28 IST" name="GetProductAPI_WithExtract_JSONPATH_DataProvider" data-provider="GetCircuiteYearData" finished-at="2024-09-25T08:26:29 IST" duration-ms="306" status="PASS">
          <params>
            <param index="0">
              <value>
                <![CDATA[2017]]>
              </value>
            </param>
            <param index="1">
              <value>
                <![CDATA[20]]>
              </value>
            </param>
          </params>
          <reporter-output>
          </reporter-output>
        </test-method> <!-- GetProductAPI_WithExtract_JSONPATH_DataProvider -->
        <test-method signature="GetProductAPI_WithExtract_JSONPATH_DataProvider(java.lang.String,int)[pri:0, instance:GETAPIs.GETAPIWithPathParm@3e27aa33]" started-at="2024-09-25T08:26:29 IST" name="GetProductAPI_WithExtract_JSONPATH_DataProvider" data-provider="GetCircuiteYearData" finished-at="2024-09-25T08:26:29 IST" duration-ms="295" status="PASS">
          <params>
            <param index="0">
              <value>
                <![CDATA[2023]]>
              </value>
            </param>
            <param index="1">
              <value>
                <![CDATA[22]]>
              </value>
            </param>
          </params>
          <reporter-output>
          </reporter-output>
        </test-method> <!-- GetProductAPI_WithExtract_JSONPATH_DataProvider -->
      </class> <!-- GETAPIs.GETAPIWithPathParm -->
    </test> <!-- Default test -->
  </suite> <!-- Default suite -->
</testng-results>
